#
# There is insufficient memory for the Java Runtime Environment to continue.
# Native memory allocation (malloc) failed to allocate 1178096 bytes. Error detail: Chunk::new
# Possible reasons:
#   The system is out of physical RAM or swap space
#   This process is running with CompressedOops enabled, and the Java Heap may be blocking the growth of the native heap
# Possible solutions:
#   Reduce memory load on the system
#   Increase physical memory or swap space
#   Check if swap backing store is full
#   Decrease Java heap size (-Xmx/-Xms)
#   Decrease number of Java threads
#   Decrease Java thread stack sizes (-Xss)
#   Set larger code cache with -XX:ReservedCodeCacheSize=
#   JVM is running with Unscaled Compressed Oops mode in which the Java heap is
#     placed in the first 4GB address space. The Java Heap base address is the
#     maximum limit for the native heap growth. Please use -XX:HeapBaseMinAddress
#     to set the Java Heap base and to place the Java Heap above 4GB virtual address.
# This output file may be truncated or incomplete.
#
#  Out of Memory Error (arena.cpp:191), pid=17248, tid=5460
#
# JRE version: OpenJDK Runtime Environment Microsoft-10376486 (17.0.13+11) (build 17.0.13+11-LTS)
# Java VM: OpenJDK 64-Bit Server VM Microsoft-10376486 (17.0.13+11-LTS, mixed mode, sharing, tiered, compressed oops, compressed class ptrs, g1 gc, windows-amd64)
# No core dump will be written. Minidumps are not enabled by default on client versions of Windows
#

---------------  S U M M A R Y ------------

Command Line: -XX:MaxMetaspaceSize=512m --add-opens=java.base/java.util=ALL-UNNAMED --add-opens=java.base/java.lang=ALL-UNNAMED --add-opens=java.base/java.lang.invoke=ALL-UNNAMED --add-opens=java.prefs/java.util.prefs=ALL-UNNAMED --add-exports=jdk.compiler/com.sun.tools.javac.api=ALL-UNNAMED --add-exports=jdk.compiler/com.sun.tools.javac.util=ALL-UNNAMED --add-opens=java.base/java.nio.charset=ALL-UNNAMED --add-opens=java.base/java.net=ALL-UNNAMED --add-opens=java.base/java.util.concurrent.atomic=ALL-UNNAMED -Xmx2048m -Dfile.encoding=utf8 -Duser.country=IN -Duser.language=en -Duser.variant -javaagent:C:\Users\swapn\.gradle\wrapper\dists\gradle-8.10.2-all\7iv73wktx1xtkvlq19urqw1wm\gradle-8.10.2\lib\agents\gradle-instrumentation-agent-8.10.2.jar org.gradle.launcher.daemon.bootstrap.GradleDaemon 8.10.2

Host: Intel(R) Core(TM) i5-10300H CPU @ 2.50GHz, 8 cores, 7G,  Windows 11 , 64 bit Build 26100 (10.0.26100.2454)
Time: Sat Jan 18 16:22:43 2025 India Standard Time elapsed time: 9.370953 seconds (0d 0h 0m 9s)

---------------  T H R E A D  ---------------

Current thread (0x000002bd74aa6650):  JavaThread "C2 CompilerThread0" daemon [_thread_in_native, id=5460, stack(0x000000c472800000,0x000000c472900000)]


Current CompileTask:
C2:   9371 3237       4       org.objectweb.asm.Frame::execute (2303 bytes)

Stack: [0x000000c472800000,0x000000c472900000]
Native frames: (J=compiled Java code, j=interpreted, Vv=VM code, C=native code)
V  [jvm.dll+0x687fc9]
V  [jvm.dll+0x83eeb8]
V  [jvm.dll+0x840963]
V  [jvm.dll+0x840fd3]
V  [jvm.dll+0x24951f]
V  [jvm.dll+0xad0c4]
V  [jvm.dll+0xad75c]
V  [jvm.dll+0x36aaaf]
V  [jvm.dll+0x335153]
V  [jvm.dll+0x3345ea]
V  [jvm.dll+0x21a748]
V  [jvm.dll+0x219b7f]
V  [jvm.dll+0x1a5506]
V  [jvm.dll+0x22a1ca]
V  [jvm.dll+0x22830b]
V  [jvm.dll+0x7f4708]
V  [jvm.dll+0x7eea6c]
V  [jvm.dll+0x686ea7]
C  [ucrtbase.dll+0x14ea0]
C  [KERNEL32.DLL+0x2e8d7]
C  [ntdll.dll+0xdfbcc]


---------------  P R O C E S S  ---------------

Threads class SMR info:
_java_thread_list=0x000002bd7d6e60c0, length=32, elements={
0x000002bd565fb140, 0x000002bd74a85370, 0x000002bd74a868b0, 0x000002bd74a985a0,
0x000002bd74a9fea0, 0x000002bd74aa22f0, 0x000002bd74aa4ee0, 0x000002bd74aa6650,
0x000002bd74ab0300, 0x000002bd74ad3a20, 0x000002bd74bb0820, 0x000002bd74c902d0,
0x000002bd7a5e7860, 0x000002bd7a6e4ff0, 0x000002bd7a6f21c0, 0x000002bd7a6cb600,
0x000002bd7a68f840, 0x000002bd74df4400, 0x000002bd74df4910, 0x000002bd74df1670,
0x000002bd74df2ab0, 0x000002bd74df2fc0, 0x000002bd74df25a0, 0x000002bd74df39e0,
0x000002bd7abfb980, 0x000002bd7abfa540, 0x000002bd7abfcdc0, 0x000002bd7abfd2d0,
0x000002bd7abfe200, 0x000002bd7abfaa50, 0x000002bd7abfd7e0, 0x000002bd7abfe710
}

Java Threads: ( => current thread )
  0x000002bd565fb140 JavaThread "main" [_thread_blocked, id=2444, stack(0x000000c471b00000,0x000000c471c00000)]
  0x000002bd74a85370 JavaThread "Reference Handler" daemon [_thread_blocked, id=14524, stack(0x000000c472200000,0x000000c472300000)]
  0x000002bd74a868b0 JavaThread "Finalizer" daemon [_thread_blocked, id=1120, stack(0x000000c472300000,0x000000c472400000)]
  0x000002bd74a985a0 JavaThread "Signal Dispatcher" daemon [_thread_blocked, id=8576, stack(0x000000c472400000,0x000000c472500000)]
  0x000002bd74a9fea0 JavaThread "Attach Listener" daemon [_thread_blocked, id=8588, stack(0x000000c472500000,0x000000c472600000)]
  0x000002bd74aa22f0 JavaThread "Service Thread" daemon [_thread_blocked, id=5452, stack(0x000000c472600000,0x000000c472700000)]
  0x000002bd74aa4ee0 JavaThread "Monitor Deflation Thread" daemon [_thread_blocked, id=10524, stack(0x000000c472700000,0x000000c472800000)]
=>0x000002bd74aa6650 JavaThread "C2 CompilerThread0" daemon [_thread_in_native, id=5460, stack(0x000000c472800000,0x000000c472900000)]
  0x000002bd74ab0300 JavaThread "C1 CompilerThread0" daemon [_thread_blocked, id=9620, stack(0x000000c472900000,0x000000c472a00000)]
  0x000002bd74ad3a20 JavaThread "Sweeper thread" daemon [_thread_blocked, id=8868, stack(0x000000c472a00000,0x000000c472b00000)]
  0x000002bd74bb0820 JavaThread "Common-Cleaner" daemon [_thread_blocked, id=10316, stack(0x000000c472b00000,0x000000c472c00000)]
  0x000002bd74c902d0 JavaThread "Notification Thread" daemon [_thread_blocked, id=9360, stack(0x000000c472c00000,0x000000c472d00000)]
  0x000002bd7a5e7860 JavaThread "Daemon health stats" [_thread_blocked, id=4476, stack(0x000000c473300000,0x000000c473400000)]
  0x000002bd7a6e4ff0 JavaThread "Incoming local TCP Connector on port 57406" [_thread_in_native, id=4880, stack(0x000000c472e00000,0x000000c472f00000)]
  0x000002bd7a6f21c0 JavaThread "Daemon periodic checks" [_thread_blocked, id=7852, stack(0x000000c473400000,0x000000c473500000)]
  0x000002bd7a6cb600 JavaThread "Daemon" [_thread_blocked, id=13444, stack(0x000000c473500000,0x000000c473600000)]
  0x000002bd7a68f840 JavaThread "Handler for socket connection from /127.0.0.1:57406 to /127.0.0.1:57407" [_thread_in_native, id=15384, stack(0x000000c473600000,0x000000c473700000)]
  0x000002bd74df4400 JavaThread "Cancel handler" [_thread_blocked, id=8888, stack(0x000000c473700000,0x000000c473800000)]
  0x000002bd74df4910 JavaThread "Daemon worker" [_thread_in_vm, id=15000, stack(0x000000c473800000,0x000000c473900000)]
  0x000002bd74df1670 JavaThread "Asynchronous log dispatcher for DefaultDaemonConnection: socket connection from /127.0.0.1:57406 to /127.0.0.1:57407" [_thread_blocked, id=2952, stack(0x000000c473900000,0x000000c473a00000)]
  0x000002bd74df2ab0 JavaThread "Stdin handler" [_thread_blocked, id=7776, stack(0x000000c473a00000,0x000000c473b00000)]
  0x000002bd74df2fc0 JavaThread "Daemon client event forwarder" [_thread_blocked, id=18360, stack(0x000000c473b00000,0x000000c473c00000)]
  0x000002bd74df25a0 JavaThread "Cache worker for journal cache (C:\Users\swapn\.gradle\caches\journal-1)" [_thread_blocked, id=15556, stack(0x000000c473c00000,0x000000c473d00000)]
  0x000002bd74df39e0 JavaThread "File lock request listener" [_thread_in_native, id=15560, stack(0x000000c473d00000,0x000000c473e00000)]
  0x000002bd7abfb980 JavaThread "Cache worker for file hash cache (C:\Users\swapn\.gradle\caches\8.10.2\fileHashes)" [_thread_blocked, id=15460, stack(0x000000c473e00000,0x000000c473f00000)]
  0x000002bd7abfa540 JavaThread "Cache worker for file hash cache (D:\College\ReactNativeApp\DemoProject\android\.gradle\8.10.2\fileHashes)" [_thread_blocked, id=18700, stack(0x000000c474300000,0x000000c474400000)]
  0x000002bd7abfcdc0 JavaThread "Cache worker for Build Output Cleanup Cache (D:\College\ReactNativeApp\DemoProject\android\.gradle\buildOutputCleanup)" [_thread_blocked, id=10216, stack(0x000000c474400000,0x000000c474500000)]
  0x000002bd7abfd2d0 JavaThread "File watcher server" daemon [_thread_in_native, id=14552, stack(0x000000c474600000,0x000000c474700000)]
  0x000002bd7abfe200 JavaThread "File watcher consumer" daemon [_thread_blocked, id=10336, stack(0x000000c474700000,0x000000c474800000)]
  0x000002bd7abfaa50 JavaThread "Cache worker for checksums cache (D:\College\ReactNativeApp\DemoProject\android\.gradle\8.10.2\checksums)" [_thread_blocked, id=9564, stack(0x000000c474800000,0x000000c474900000)]
  0x000002bd7abfd7e0 JavaThread "Cache worker for file content cache (C:\Users\swapn\.gradle\caches\8.10.2\fileContent)" [_thread_blocked, id=9552, stack(0x000000c474900000,0x000000c474a00000)]
  0x000002bd7abfe710 JavaThread "Cache worker for cache directory md-rule (C:\Users\swapn\.gradle\caches\8.10.2\md-rule)" [_thread_blocked, id=14596, stack(0x000000c474200000,0x000000c474300000)]

Other Threads:
  0x000002bd74a7c050 VMThread "VM Thread" [stack: 0x000000c472100000,0x000000c472200000] [id=10972]
  0x000002bd74c6c3d0 WatcherThread [stack: 0x000000c472d00000,0x000000c472e00000] [id=18480]
  0x000002bd56659f20 GCTaskThread "GC Thread#0" [stack: 0x000000c471c00000,0x000000c471d00000] [id=3960]
  0x000002bd7940eb50 GCTaskThread "GC Thread#1" [stack: 0x000000c472f00000,0x000000c473000000] [id=14988]
  0x000002bd795dc330 GCTaskThread "GC Thread#2" [stack: 0x000000c473000000,0x000000c473100000] [id=7848]
  0x000002bd74eaa2a0 GCTaskThread "GC Thread#3" [stack: 0x000000c473100000,0x000000c473200000] [id=10488]
  0x000002bd74eaa560 GCTaskThread "GC Thread#4" [stack: 0x000000c473200000,0x000000c473300000] [id=13256]
  0x000002bd79bdbab0 GCTaskThread "GC Thread#5" [stack: 0x000000c473f00000,0x000000c474000000] [id=15528]
  0x000002bd7badec70 GCTaskThread "GC Thread#6" [stack: 0x000000c474000000,0x000000c474100000] [id=15492]
  0x000002bd7aea8810 GCTaskThread "GC Thread#7" [stack: 0x000000c474100000,0x000000c474200000] [id=15456]
  0x000002bd5666ad80 ConcurrentGCThread "G1 Main Marker" [stack: 0x000000c471d00000,0x000000c471e00000] [id=9180]
  0x000002bd5666b6b0 ConcurrentGCThread "G1 Conc#0" [stack: 0x000000c471e00000,0x000000c471f00000] [id=4468]
  0x000002bd7b89ab40 ConcurrentGCThread "G1 Conc#1" [stack: 0x000000c474500000,0x000000c474600000] [id=8936]
  0x000002bd566ad540 ConcurrentGCThread "G1 Refine#0" [stack: 0x000000c471f00000,0x000000c472000000] [id=5408]
  0x000002bd566ade80 ConcurrentGCThread "G1 Service" [stack: 0x000000c472000000,0x000000c472100000] [id=9200]

Threads with active compile tasks:
C2 CompilerThread0     9408 3237       4       org.objectweb.asm.Frame::execute (2303 bytes)

VM state: not at safepoint (normal execution)

VM Mutex/Monitor currently owned by a thread: None

Heap address: 0x0000000080000000, size: 2048 MB, Compressed Oops mode: 32-bit

CDS archive(s) mapped at: [0x000002bd00000000-0x000002bd00bb0000-0x000002bd00bb0000), size 12255232, SharedBaseAddress: 0x000002bd00000000, ArchiveRelocationMode: 1.
Compressed class space mapped at: 0x000002bd01000000-0x000002bd1b000000, reserved size: 436207616
Narrow klass base: 0x000002bd00000000, Narrow klass shift: 0, Narrow klass range: 0x100000000

GC Precious Log:
 CPUs: 8 total, 8 available
 Memory: 8029M
 Large Page Support: Disabled
 NUMA Support: Disabled
 Compressed Oops: Enabled (32-bit)
 Heap Region Size: 1M
 Heap Min Capacity: 8M
 Heap Initial Capacity: 126M
 Heap Max Capacity: 2G
 Pre-touch: Disabled
 Parallel Workers: 8
 Concurrent Workers: 2
 Concurrent Refinement Workers: 8
 Periodic GC: Disabled

Heap:
 garbage-first heap   total 92160K, used 66388K [0x0000000080000000, 0x0000000100000000)
  region size 1024K, 44 young (45056K), 3 survivors (3072K)
 Metaspace       used 25928K, committed 26304K, reserved 491520K
  class space    used 3843K, committed 4032K, reserved 425984K

Heap Regions: E=young(eden), S=young(survivor), O=old, HS=humongous(starts), HC=humongous(continues), CS=collection set, F=free, OA=open archive, CA=closed archive, TAMS=top-at-mark-start (previous, next)
|   0|0x0000000080000000, 0x0000000080100000, 0x0000000080100000|100%| O|  |TAMS 0x0000000080100000, 0x0000000080000000| Untracked 
|   1|0x0000000080100000, 0x0000000080200000, 0x0000000080200000|100%| O|  |TAMS 0x0000000080200000, 0x0000000080100000| Untracked 
|   2|0x0000000080200000, 0x0000000080300000, 0x0000000080300000|100%|HS|  |TAMS 0x0000000080300000, 0x0000000080200000| Complete 
|   3|0x0000000080300000, 0x0000000080400000, 0x0000000080400000|100%|HC|  |TAMS 0x0000000080400000, 0x0000000080300000| Complete 
|   4|0x0000000080400000, 0x0000000080500000, 0x0000000080500000|100%|HC|  |TAMS 0x0000000080500000, 0x0000000080400000| Complete 
|   5|0x0000000080500000, 0x0000000080600000, 0x0000000080600000|100%|HC|  |TAMS 0x0000000080600000, 0x0000000080500000| Complete 
|   6|0x0000000080600000, 0x0000000080700000, 0x0000000080700000|100%| O|  |TAMS 0x0000000080700000, 0x0000000080600000| Untracked 
|   7|0x0000000080700000, 0x0000000080800000, 0x0000000080800000|100%| O|  |TAMS 0x0000000080800000, 0x0000000080700000| Untracked 
|   8|0x0000000080800000, 0x0000000080900000, 0x0000000080900000|100%| O|  |TAMS 0x0000000080900000, 0x0000000080800000| Untracked 
|   9|0x0000000080900000, 0x0000000080a00000, 0x0000000080a00000|100%|HS|  |TAMS 0x0000000080a00000, 0x0000000080900000| Complete 
|  10|0x0000000080a00000, 0x0000000080b00000, 0x0000000080b00000|100%| O|  |TAMS 0x0000000080a00000, 0x0000000080a00000| Untracked 
|  11|0x0000000080b00000, 0x0000000080c00000, 0x0000000080c00000|100%| O|  |TAMS 0x0000000080c00000, 0x0000000080b00000| Untracked 
|  12|0x0000000080c00000, 0x0000000080d00000, 0x0000000080d00000|100%| O|  |TAMS 0x0000000080d00000, 0x0000000080c00000| Untracked 
|  13|0x0000000080d00000, 0x0000000080e00000, 0x0000000080e00000|100%| O|  |TAMS 0x0000000080de9c00, 0x0000000080d00000| Untracked 
|  14|0x0000000080e00000, 0x0000000080f00000, 0x0000000080f00000|100%| O|  |TAMS 0x0000000080e00000, 0x0000000080e00000| Untracked 
|  15|0x0000000080f00000, 0x0000000081000000, 0x0000000081000000|100%| O|  |TAMS 0x0000000080f00000, 0x0000000080f00000| Untracked 
|  16|0x0000000081000000, 0x0000000081100000, 0x0000000081100000|100%| O|  |TAMS 0x0000000081000000, 0x0000000081000000| Untracked 
|  17|0x0000000081100000, 0x0000000081200000, 0x0000000081200000|100%| O|  |TAMS 0x0000000081100000, 0x0000000081100000| Untracked 
|  18|0x0000000081200000, 0x0000000081300000, 0x0000000081300000|100%| O|  |TAMS 0x0000000081200000, 0x0000000081200000| Untracked 
|  19|0x0000000081300000, 0x0000000081400000, 0x0000000081400000|100%| O|  |TAMS 0x0000000081300000, 0x0000000081300000| Untracked 
|  20|0x0000000081400000, 0x0000000081500000, 0x0000000081500000|100%| O|  |TAMS 0x0000000081400000, 0x0000000081400000| Untracked 
|  21|0x0000000081500000, 0x0000000081600000, 0x0000000081600000|100%| O|  |TAMS 0x0000000081500000, 0x0000000081500000| Untracked 
|  22|0x0000000081600000, 0x0000000081684a00, 0x0000000081700000| 51%| O|  |TAMS 0x0000000081600000, 0x0000000081600000| Untracked 
|  23|0x0000000081700000, 0x0000000081700000, 0x0000000081800000|  0%| F|  |TAMS 0x0000000081700000, 0x0000000081700000| Untracked 
|  24|0x0000000081800000, 0x0000000081800000, 0x0000000081900000|  0%| F|  |TAMS 0x0000000081800000, 0x0000000081800000| Untracked 
|  25|0x0000000081900000, 0x0000000081900000, 0x0000000081a00000|  0%| F|  |TAMS 0x0000000081900000, 0x0000000081900000| Untracked 
|  26|0x0000000081a00000, 0x0000000081a00000, 0x0000000081b00000|  0%| F|  |TAMS 0x0000000081a00000, 0x0000000081a00000| Untracked 
|  27|0x0000000081b00000, 0x0000000081b00000, 0x0000000081c00000|  0%| F|  |TAMS 0x0000000081b00000, 0x0000000081b00000| Untracked 
|  28|0x0000000081c00000, 0x0000000081c00000, 0x0000000081d00000|  0%| F|  |TAMS 0x0000000081c00000, 0x0000000081c00000| Untracked 
|  29|0x0000000081d00000, 0x0000000081d00000, 0x0000000081e00000|  0%| F|  |TAMS 0x0000000081d00000, 0x0000000081d00000| Untracked 
|  30|0x0000000081e00000, 0x0000000081e00000, 0x0000000081f00000|  0%| F|  |TAMS 0x0000000081e00000, 0x0000000081e00000| Untracked 
|  31|0x0000000081f00000, 0x0000000081f00000, 0x0000000082000000|  0%| F|  |TAMS 0x0000000081f00000, 0x0000000081f00000| Untracked 
|  32|0x0000000082000000, 0x0000000082000000, 0x0000000082100000|  0%| F|  |TAMS 0x0000000082000000, 0x0000000082000000| Untracked 
|  33|0x0000000082100000, 0x0000000082100000, 0x0000000082200000|  0%| F|  |TAMS 0x0000000082100000, 0x0000000082100000| Untracked 
|  34|0x0000000082200000, 0x0000000082200000, 0x0000000082300000|  0%| F|  |TAMS 0x0000000082200000, 0x0000000082200000| Untracked 
|  35|0x0000000082300000, 0x0000000082300000, 0x0000000082400000|  0%| F|  |TAMS 0x0000000082300000, 0x0000000082300000| Untracked 
|  36|0x0000000082400000, 0x0000000082400000, 0x0000000082500000|  0%| F|  |TAMS 0x0000000082400000, 0x0000000082400000| Untracked 
|  37|0x0000000082500000, 0x0000000082500000, 0x0000000082600000|  0%| F|  |TAMS 0x0000000082500000, 0x0000000082500000| Untracked 
|  38|0x0000000082600000, 0x0000000082600000, 0x0000000082700000|  0%| F|  |TAMS 0x0000000082600000, 0x0000000082600000| Untracked 
|  39|0x0000000082700000, 0x0000000082700000, 0x0000000082800000|  0%| F|  |TAMS 0x0000000082700000, 0x0000000082700000| Untracked 
|  40|0x0000000082800000, 0x0000000082800000, 0x0000000082900000|  0%| F|  |TAMS 0x0000000082800000, 0x0000000082800000| Untracked 
|  41|0x0000000082900000, 0x0000000082900000, 0x0000000082a00000|  0%| F|  |TAMS 0x0000000082900000, 0x0000000082900000| Untracked 
|  42|0x0000000082a00000, 0x0000000082a00000, 0x0000000082b00000|  0%| F|  |TAMS 0x0000000082a00000, 0x0000000082a00000| Untracked 
|  43|0x0000000082b00000, 0x0000000082b00000, 0x0000000082c00000|  0%| F|  |TAMS 0x0000000082b00000, 0x0000000082b00000| Untracked 
|  44|0x0000000082c00000, 0x0000000082c00000, 0x0000000082d00000|  0%| F|  |TAMS 0x0000000082c00000, 0x0000000082c00000| Untracked 
|  45|0x0000000082d00000, 0x0000000082d00000, 0x0000000082e00000|  0%| F|  |TAMS 0x0000000082d00000, 0x0000000082d00000| Untracked 
|  46|0x0000000082e00000, 0x0000000082f00000, 0x0000000082f00000|100%| E|  |TAMS 0x0000000082e00000, 0x0000000082e00000| Complete 
|  47|0x0000000082f00000, 0x0000000083000000, 0x0000000083000000|100%| E|CS|TAMS 0x0000000082f00000, 0x0000000082f00000| Complete 
|  48|0x0000000083000000, 0x0000000083100000, 0x0000000083100000|100%| E|CS|TAMS 0x0000000083000000, 0x0000000083000000| Complete 
|  49|0x0000000083100000, 0x0000000083200000, 0x0000000083200000|100%| E|CS|TAMS 0x0000000083100000, 0x0000000083100000| Complete 
|  50|0x0000000083200000, 0x0000000083300000, 0x0000000083300000|100%| E|CS|TAMS 0x0000000083200000, 0x0000000083200000| Complete 
|  51|0x0000000083300000, 0x0000000083400000, 0x0000000083400000|100%| E|CS|TAMS 0x0000000083300000, 0x0000000083300000| Complete 
|  52|0x0000000083400000, 0x0000000083500000, 0x0000000083500000|100%| E|CS|TAMS 0x0000000083400000, 0x0000000083400000| Complete 
|  53|0x0000000083500000, 0x0000000083600000, 0x0000000083600000|100%| E|CS|TAMS 0x0000000083500000, 0x0000000083500000| Complete 
|  54|0x0000000083600000, 0x0000000083700000, 0x0000000083700000|100%| E|CS|TAMS 0x0000000083600000, 0x0000000083600000| Complete 
|  55|0x0000000083700000, 0x0000000083800000, 0x0000000083800000|100%| E|CS|TAMS 0x0000000083700000, 0x0000000083700000| Complete 
|  56|0x0000000083800000, 0x0000000083900000, 0x0000000083900000|100%| E|CS|TAMS 0x0000000083800000, 0x0000000083800000| Complete 
|  57|0x0000000083900000, 0x0000000083a00000, 0x0000000083a00000|100%| E|CS|TAMS 0x0000000083900000, 0x0000000083900000| Complete 
|  58|0x0000000083a00000, 0x0000000083b00000, 0x0000000083b00000|100%| E|CS|TAMS 0x0000000083a00000, 0x0000000083a00000| Complete 
|  59|0x0000000083b00000, 0x0000000083c00000, 0x0000000083c00000|100%| E|CS|TAMS 0x0000000083b00000, 0x0000000083b00000| Complete 
|  60|0x0000000083c00000, 0x0000000083d00000, 0x0000000083d00000|100%| E|CS|TAMS 0x0000000083c00000, 0x0000000083c00000| Complete 
|  61|0x0000000083d00000, 0x0000000083e00000, 0x0000000083e00000|100%| E|CS|TAMS 0x0000000083d00000, 0x0000000083d00000| Complete 
|  62|0x0000000083e00000, 0x0000000083f00000, 0x0000000083f00000|100%| E|CS|TAMS 0x0000000083e00000, 0x0000000083e00000| Complete 
|  63|0x0000000083f00000, 0x0000000084000000, 0x0000000084000000|100%| E|CS|TAMS 0x0000000083f00000, 0x0000000083f00000| Complete 
|  64|0x0000000084000000, 0x0000000084100000, 0x0000000084100000|100%| E|CS|TAMS 0x0000000084000000, 0x0000000084000000| Complete 
|  65|0x0000000084100000, 0x0000000084200000, 0x0000000084200000|100%| E|CS|TAMS 0x0000000084100000, 0x0000000084100000| Complete 
|  66|0x0000000084200000, 0x0000000084300000, 0x0000000084300000|100%| E|CS|TAMS 0x0000000084200000, 0x0000000084200000| Complete 
|  67|0x0000000084300000, 0x0000000084400000, 0x0000000084400000|100%| E|CS|TAMS 0x0000000084300000, 0x0000000084300000| Complete 
|  68|0x0000000084400000, 0x0000000084500000, 0x0000000084500000|100%| E|CS|TAMS 0x0000000084400000, 0x0000000084400000| Complete 
|  69|0x0000000084500000, 0x0000000084600000, 0x0000000084600000|100%| E|CS|TAMS 0x0000000084500000, 0x0000000084500000| Complete 
|  70|0x0000000084600000, 0x0000000084700000, 0x0000000084700000|100%| E|CS|TAMS 0x0000000084600000, 0x0000000084600000| Complete 
|  71|0x0000000084700000, 0x0000000084800000, 0x0000000084800000|100%| E|CS|TAMS 0x0000000084700000, 0x0000000084700000| Complete 
|  72|0x0000000084800000, 0x0000000084900000, 0x0000000084900000|100%| E|CS|TAMS 0x0000000084800000, 0x0000000084800000| Complete 
|  73|0x0000000084900000, 0x0000000084a00000, 0x0000000084a00000|100%| E|CS|TAMS 0x0000000084900000, 0x0000000084900000| Complete 
|  74|0x0000000084a00000, 0x0000000084b00000, 0x0000000084b00000|100%| E|CS|TAMS 0x0000000084a00000, 0x0000000084a00000| Complete 
|  75|0x0000000084b00000, 0x0000000084c00000, 0x0000000084c00000|100%| E|CS|TAMS 0x0000000084b00000, 0x0000000084b00000| Complete 
|  76|0x0000000084c00000, 0x0000000084d00000, 0x0000000084d00000|100%| E|CS|TAMS 0x0000000084c00000, 0x0000000084c00000| Complete 
|  77|0x0000000084d00000, 0x0000000084e00000, 0x0000000084e00000|100%| E|CS|TAMS 0x0000000084d00000, 0x0000000084d00000| Complete 
|  78|0x0000000084e00000, 0x0000000084f00000, 0x0000000084f00000|100%| E|CS|TAMS 0x0000000084e00000, 0x0000000084e00000| Complete 
|  79|0x0000000084f00000, 0x0000000085000000, 0x0000000085000000|100%| E|CS|TAMS 0x0000000084f00000, 0x0000000084f00000| Complete 
|  80|0x0000000085000000, 0x0000000085100000, 0x0000000085100000|100%| E|CS|TAMS 0x0000000085000000, 0x0000000085000000| Complete 
|  81|0x0000000085100000, 0x0000000085200000, 0x0000000085200000|100%| E|CS|TAMS 0x0000000085100000, 0x0000000085100000| Complete 
|  82|0x0000000085200000, 0x0000000085300000, 0x0000000085300000|100%| E|CS|TAMS 0x0000000085200000, 0x0000000085200000| Complete 
|  83|0x0000000085300000, 0x0000000085400000, 0x0000000085400000|100%| E|CS|TAMS 0x0000000085300000, 0x0000000085300000| Complete 
|  84|0x0000000085400000, 0x0000000085500000, 0x0000000085500000|100%| E|CS|TAMS 0x0000000085400000, 0x0000000085400000| Complete 
|  85|0x0000000085500000, 0x0000000085600000, 0x0000000085600000|100%| E|CS|TAMS 0x0000000085500000, 0x0000000085500000| Complete 
|  90|0x0000000085a00000, 0x0000000085a50640, 0x0000000085b00000| 31%| S|CS|TAMS 0x0000000085a00000, 0x0000000085a00000| Complete 
|  91|0x0000000085b00000, 0x0000000085c00000, 0x0000000085c00000|100%| S|CS|TAMS 0x0000000085b00000, 0x0000000085b00000| Complete 
|  92|0x0000000085c00000, 0x0000000085d00000, 0x0000000085d00000|100%| S|CS|TAMS 0x0000000085c00000, 0x0000000085c00000| Complete 
| 125|0x0000000087d00000, 0x0000000087e00000, 0x0000000087e00000|100%| E|CS|TAMS 0x0000000087d00000, 0x0000000087d00000| Complete 

Card table byte_map: [0x000002bd6d860000,0x000002bd6dc60000] _byte_map_base: 0x000002bd6d460000

Marking Bits (Prev, Next): (CMBitMap*) 0x000002bd5665a490, (CMBitMap*) 0x000002bd5665a450
 Prev Bits: [0x000002bd70060000, 0x000002bd72060000)
 Next Bits: [0x000002bd6e060000, 0x000002bd70060000)

Polling page: 0x000002bd55c60000

Metaspace:

Usage:
  Non-class:     21.59 MB used.
      Class:      3.76 MB used.
       Both:     25.35 MB used.

Virtual space:
  Non-class space:       64.00 MB reserved,      21.81 MB ( 34%) committed,  1 nodes.
      Class space:      416.00 MB reserved,       3.94 MB ( <1%) committed,  1 nodes.
             Both:      480.00 MB reserved,      25.75 MB (  5%) committed. 

Chunk freelists:
   Non-Class:  9.55 MB
       Class:  11.88 MB
        Both:  21.42 MB

MaxMetaspaceSize: 512.00 MB
CompressedClassSpaceSize: 416.00 MB
Initial GC threshold: 21.00 MB
Current GC threshold: 35.12 MB
CDS: on
MetaspaceReclaimPolicy: balanced
 - commit_granule_bytes: 65536.
 - commit_granule_words: 8192.
 - virtual_space_node_default_size: 8388608.
 - enlarge_chunks_in_place: 1.
 - new_chunks_are_fully_committed: 0.
 - uncommit_free_chunks: 1.
 - use_allocation_guard: 0.
 - handle_deallocations: 1.


Internal statistics:

num_allocs_failed_limit: 3.
num_arena_births: 352.
num_arena_deaths: 0.
num_vsnodes_births: 2.
num_vsnodes_deaths: 0.
num_space_committed: 412.
num_space_uncommitted: 0.
num_chunks_returned_to_freelist: 3.
num_chunks_taken_from_freelist: 1373.
num_chunk_merges: 3.
num_chunk_splits: 885.
num_chunks_enlarged: 609.
num_inconsistent_stats: 0.

CodeHeap 'non-profiled nmethods': size=120000Kb used=1870Kb max_used=1870Kb free=118129Kb
 bounds [0x000002bd65c00000, 0x000002bd65e70000, 0x000002bd6d130000]
CodeHeap 'profiled nmethods': size=120000Kb used=6699Kb max_used=6699Kb free=113300Kb
 bounds [0x000002bd5e130000, 0x000002bd5e7c0000, 0x000002bd65660000]
CodeHeap 'non-nmethods': size=5760Kb used=1249Kb max_used=1379Kb free=4510Kb
 bounds [0x000002bd65660000, 0x000002bd658d0000, 0x000002bd65c00000]
 total_blobs=3807 nmethods=3249 adapters=470
 compilation: enabled
              stopped_count=0, restarted_count=0
 full_count=0

Compilation events (20 events):
Event: 8.237 Thread 0x000002bd74aa6650 nmethod 3208 0x000002bd65dd0b10 code [0x000002bd65dd0ce0, 0x000002bd65dd15a8]
Event: 8.237 Thread 0x000002bd74aa6650 3232       4       java.lang.AbstractStringBuilder::append (63 bytes)
Event: 8.242 Thread 0x000002bd74aa6650 nmethod 3232 0x000002bd65dd1b10 code [0x000002bd65dd1cc0, 0x000002bd65dd24b8]
Event: 8.242 Thread 0x000002bd74aa6650 3233       4       java.lang.AbstractStringBuilder::appendChars (207 bytes)
Event: 8.244 Thread 0x000002bd74aa6650 nmethod 3233 0x000002bd65dd2910 code [0x000002bd65dd2aa0, 0x000002bd65dd2c98]
Event: 8.244 Thread 0x000002bd74aa6650 3211       4       java.util.HashMap::containsKey (14 bytes)
Event: 8.249 Thread 0x000002bd74aa6650 nmethod 3211 0x000002bd65dd2e10 code [0x000002bd65dd2fc0, 0x000002bd65dd3618]
Event: 8.303 Thread 0x000002bd74aa6650 3237       4       org.objectweb.asm.Frame::execute (2303 bytes)
Event: 8.323 Thread 0x000002bd74ab0300 3238       3       java.lang.invoke.LambdaForm$DMH/0x000002bd011c4800::invokeStatic (31 bytes)
Event: 8.323 Thread 0x000002bd74ab0300 nmethod 3238 0x000002bd5e7afe90 code [0x000002bd5e7b0060, 0x000002bd5e7b0518]
Event: 8.325 Thread 0x000002bd74ab0300 3239       3       org.objectweb.asm.ByteVector::enlarge (73 bytes)
Event: 8.326 Thread 0x000002bd74ab0300 nmethod 3239 0x000002bd5e7b0610 code [0x000002bd5e7b07e0, 0x000002bd5e7b0c18]
Event: 8.339 Thread 0x000002bd74ab0300 3241   !   3       java.util.concurrent.LinkedBlockingQueue::poll (128 bytes)
Event: 8.340 Thread 0x000002bd74ab0300 nmethod 3241 0x000002bd5e7b0d90 code [0x000002bd5e7b1180, 0x000002bd5e7b2e98]
Event: 8.356 Thread 0x000002bd74ab0300 3242       3       org.gradle.launcher.daemon.server.exec.DaemonConnectionBackedEventConsumer$ForwardEvents::moreMessagesToSend (35 bytes)
Event: 8.356 Thread 0x000002bd74ab0300 nmethod 3242 0x000002bd5e7b3b10 code [0x000002bd5e7b3cc0, 0x000002bd5e7b3f88]
Event: 8.356 Thread 0x000002bd74ab0300 3243   !   3       org.gradle.launcher.daemon.server.exec.DaemonConnectionBackedEventConsumer$ForwardEvents::getNextEvent (27 bytes)
Event: 8.356 Thread 0x000002bd74ab0300 nmethod 3243 0x000002bd5e7b4090 code [0x000002bd5e7b4240, 0x000002bd5e7b44c8]
Event: 8.822 Thread 0x000002bd74ab0300 3244       3       java.util.concurrent.locks.AbstractQueuedSynchronizer$Node::getAndUnsetStatus (14 bytes)
Event: 8.823 Thread 0x000002bd74ab0300 nmethod 3244 0x000002bd5e7b4610 code [0x000002bd5e7b47c0, 0x000002bd5e7b4a68]

GC Heap History (10 events):
Event: 0.803 GC heap before
{Heap before GC invocations=0 (full 0):
 garbage-first heap   total 129024K, used 22528K [0x0000000080000000, 0x0000000100000000)
  region size 1024K, 23 young (23552K), 0 survivors (0K)
 Metaspace       used 1092K, committed 1216K, reserved 491520K
  class space    used 73K, committed 128K, reserved 425984K
}
Event: 0.808 GC heap after
{Heap after GC invocations=1 (full 0):
 garbage-first heap   total 129024K, used 4245K [0x0000000080000000, 0x0000000100000000)
  region size 1024K, 3 young (3072K), 3 survivors (3072K)
 Metaspace       used 1092K, committed 1216K, reserved 491520K
  class space    used 73K, committed 128K, reserved 425984K
}
Event: 1.790 GC heap before
{Heap before GC invocations=1 (full 0):
 garbage-first heap   total 129024K, used 40085K [0x0000000080000000, 0x0000000100000000)
  region size 1024K, 34 young (34816K), 3 survivors (3072K)
 Metaspace       used 4352K, committed 4544K, reserved 491520K
  class space    used 541K, committed 640K, reserved 425984K
}
Event: 1.797 GC heap after
{Heap after GC invocations=2 (full 0):
 garbage-first heap   total 129024K, used 12346K [0x0000000080000000, 0x0000000100000000)
  region size 1024K, 4 young (4096K), 4 survivors (4096K)
 Metaspace       used 4352K, committed 4544K, reserved 491520K
  class space    used 541K, committed 640K, reserved 425984K
}
Event: 2.734 GC heap before
{Heap before GC invocations=2 (full 0):
 garbage-first heap   total 129024K, used 59450K [0x0000000080000000, 0x0000000100000000)
  region size 1024K, 48 young (49152K), 4 survivors (4096K)
 Metaspace       used 4871K, committed 5056K, reserved 491520K
  class space    used 627K, committed 704K, reserved 425984K
}
Event: 2.741 GC heap after
{Heap after GC invocations=3 (full 0):
 garbage-first heap   total 129024K, used 17894K [0x0000000080000000, 0x0000000100000000)
  region size 1024K, 5 young (5120K), 5 survivors (5120K)
 Metaspace       used 4871K, committed 5056K, reserved 491520K
  class space    used 627K, committed 704K, reserved 425984K
}
Event: 5.453 GC heap before
{Heap before GC invocations=3 (full 0):
 garbage-first heap   total 129024K, used 89574K [0x0000000080000000, 0x0000000100000000)
  region size 1024K, 75 young (76800K), 5 survivors (5120K)
 Metaspace       used 17384K, committed 17664K, reserved 491520K
  class space    used 2476K, committed 2624K, reserved 425984K
}
Event: 5.460 GC heap after
{Heap after GC invocations=4 (full 0):
 garbage-first heap   total 129024K, used 23110K [0x0000000080000000, 0x0000000100000000)
  region size 1024K, 10 young (10240K), 10 survivors (10240K)
 Metaspace       used 17384K, committed 17664K, reserved 491520K
  class space    used 2476K, committed 2624K, reserved 425984K
}
Event: 6.415 GC heap before
{Heap before GC invocations=4 (full 0):
 garbage-first heap   total 129024K, used 55878K [0x0000000080000000, 0x0000000100000000)
  region size 1024K, 43 young (44032K), 10 survivors (10240K)
 Metaspace       used 21204K, committed 21504K, reserved 491520K
  class space    used 3096K, committed 3264K, reserved 425984K
}
Event: 6.422 GC heap after
{Heap after GC invocations=5 (full 0):
 garbage-first heap   total 129024K, used 25428K [0x0000000080000000, 0x0000000100000000)
  region size 1024K, 3 young (3072K), 3 survivors (3072K)
 Metaspace       used 21204K, committed 21504K, reserved 491520K
  class space    used 3096K, committed 3264K, reserved 425984K
}

Dll operation events (15 events):
Event: 0.032 Loaded shared library C:\Program Files\Microsoft\jdk-17.0.13.11-hotspot\bin\java.dll
Event: 0.066 Loaded shared library C:\Program Files\Microsoft\jdk-17.0.13.11-hotspot\bin\jsvml.dll
Event: 0.152 Loaded shared library C:\Program Files\Microsoft\jdk-17.0.13.11-hotspot\bin\zip.dll
Event: 0.155 Loaded shared library C:\Program Files\Microsoft\jdk-17.0.13.11-hotspot\bin\instrument.dll
Event: 0.163 Loaded shared library C:\Program Files\Microsoft\jdk-17.0.13.11-hotspot\bin\net.dll
Event: 0.165 Loaded shared library C:\Program Files\Microsoft\jdk-17.0.13.11-hotspot\bin\nio.dll
Event: 0.172 Loaded shared library C:\Program Files\Microsoft\jdk-17.0.13.11-hotspot\bin\zip.dll
Event: 0.651 Loaded shared library C:\Program Files\Microsoft\jdk-17.0.13.11-hotspot\bin\jimage.dll
Event: 0.907 Loaded shared library C:\Program Files\Microsoft\jdk-17.0.13.11-hotspot\bin\verify.dll
Event: 1.130 Loaded shared library C:\Users\swapn\.gradle\native\c067742578af261105cb4f569cf0c3c89f3d7b1fecec35dd04571415982c5e48\windows-amd64\native-platform.dll
Event: 1.167 Loaded shared library C:\Users\swapn\.gradle\native\100fb08df4bc3b14c8652ba06237920a3bd2aa13389f12d3474272988ae205f9\windows-amd64\native-platform-file-events.dll
Event: 2.947 Loaded shared library C:\Program Files\Microsoft\jdk-17.0.13.11-hotspot\bin\management.dll
Event: 2.951 Loaded shared library C:\Program Files\Microsoft\jdk-17.0.13.11-hotspot\bin\management_ext.dll
Event: 3.291 Loaded shared library C:\Program Files\Microsoft\jdk-17.0.13.11-hotspot\bin\extnet.dll
Event: 3.747 Loaded shared library C:\Program Files\Microsoft\jdk-17.0.13.11-hotspot\bin\sunmscapi.dll

Deoptimization events (20 events):
Event: 6.544 Thread 0x000002bd74df4910 DEOPT PACKING pc=0x000002bd65d71598 sp=0x000000c4738fa2d0
Event: 6.544 Thread 0x000002bd74df4910 DEOPT UNPACKING pc=0x000002bd656b69a3 sp=0x000000c4738fa260 mode 2
Event: 6.635 Thread 0x000002bd74df4910 Uncommon trap: trap_request=0xffffffcc fr.pc=0x000002bd65d90e04 relative=0x0000000000000364
Event: 6.635 Thread 0x000002bd74df4910 Uncommon trap: reason=intrinsic_or_type_checked_inlining action=make_not_entrant pc=0x000002bd65d90e04 method=java.util.Arrays.copyOf([Ljava/lang/Object;ILjava/lang/Class;)[Ljava/lang/Object; @ 35 c2
Event: 6.635 Thread 0x000002bd74df4910 DEOPT PACKING pc=0x000002bd65d90e04 sp=0x000000c4738faa00
Event: 6.635 Thread 0x000002bd74df4910 DEOPT UNPACKING pc=0x000002bd656b69a3 sp=0x000000c4738fa990 mode 2
Event: 6.693 Thread 0x000002bd74df4910 DEOPT PACKING pc=0x000002bd5e5ce01b sp=0x000000c4738f6d40
Event: 6.693 Thread 0x000002bd74df4910 DEOPT UNPACKING pc=0x000002bd656b7143 sp=0x000000c4738f6260 mode 0
Event: 6.758 Thread 0x000002bd74df4910 Uncommon trap: trap_request=0xffffffc6 fr.pc=0x000002bd65cda0a0 relative=0x0000000000000e00
Event: 6.758 Thread 0x000002bd74df4910 Uncommon trap: reason=bimorphic_or_optimized_type_check action=maybe_recompile pc=0x000002bd65cda0a0 method=java.util.Properties$LineReader.readLine()I @ 479 c2
Event: 6.758 Thread 0x000002bd74df4910 DEOPT PACKING pc=0x000002bd65cda0a0 sp=0x000000c4738fb190
Event: 6.758 Thread 0x000002bd74df4910 DEOPT UNPACKING pc=0x000002bd656b69a3 sp=0x000000c4738fb130 mode 2
Event: 7.122 Thread 0x000002bd74df4910 Uncommon trap: trap_request=0xffffff45 fr.pc=0x000002bd65c31278 relative=0x00000000000002d8
Event: 7.122 Thread 0x000002bd74df4910 Uncommon trap: reason=unstable_if action=reinterpret pc=0x000002bd65c31278 method=java.lang.StringLatin1.compareToCI([B[B)I @ 31 c2
Event: 7.122 Thread 0x000002bd74df4910 DEOPT PACKING pc=0x000002bd65c31278 sp=0x000000c4738f79b0
Event: 7.122 Thread 0x000002bd74df4910 DEOPT UNPACKING pc=0x000002bd656b69a3 sp=0x000000c4738f7958 mode 2
Event: 7.171 Thread 0x000002bd74df4910 Uncommon trap: trap_request=0xffffff45 fr.pc=0x000002bd65c54c1c relative=0x00000000000005dc
Event: 7.171 Thread 0x000002bd74df4910 Uncommon trap: reason=unstable_if action=reinterpret pc=0x000002bd65c54c1c method=java.util.HashMap.hash(Ljava/lang/Object;)I @ 1 c2
Event: 7.171 Thread 0x000002bd74df4910 DEOPT PACKING pc=0x000002bd65c54c1c sp=0x000000c4738f7d50
Event: 7.171 Thread 0x000002bd74df4910 DEOPT UNPACKING pc=0x000002bd656b69a3 sp=0x000000c4738f7bf8 mode 2

Classes loaded (20 events):
Event: 6.582 Loading class java/io/InterruptedIOException
Event: 6.582 Loading class java/io/InterruptedIOException done
Event: 6.591 Loading class java/util/ArrayDeque$DeqSpliterator
Event: 6.591 Loading class java/util/ArrayDeque$DeqSpliterator done
Event: 6.731 Loading class java/lang/StringIndexOutOfBoundsException
Event: 6.731 Loading class java/lang/StringIndexOutOfBoundsException done
Event: 6.979 Loading class jdk/internal/reflect/UnsafeStaticIntegerFieldAccessorImpl
Event: 6.979 Loading class jdk/internal/reflect/UnsafeStaticIntegerFieldAccessorImpl done
Event: 7.163 Loading class java/lang/invoke/SerializedLambda
Event: 7.163 Loading class java/lang/invoke/SerializedLambda done
Event: 7.168 Loading class java/lang/reflect/AnnotatedType
Event: 7.168 Loading class java/lang/reflect/AnnotatedType done
Event: 7.171 Loading class sun/reflect/misc/ReflectUtil
Event: 7.171 Loading class sun/reflect/misc/ReflectUtil done
Event: 7.176 Loading class sun/reflect/generics/tree/IntSignature
Event: 7.176 Loading class sun/reflect/generics/tree/IntSignature done
Event: 7.176 Loading class sun/reflect/generics/tree/ArrayTypeSignature
Event: 7.176 Loading class sun/reflect/generics/tree/ArrayTypeSignature done
Event: 7.181 Loading class java/lang/SafeVarargs
Event: 7.181 Loading class java/lang/SafeVarargs done

Classes unloaded (0 events):
No events

Classes redefined (0 events):
No events

Internal exceptions (20 events):
Event: 6.357 Thread 0x000002bd74df4910 Exception <a 'java/lang/NoSuchMethodError'{0x0000000085fb9680}: 'java.lang.Object java.lang.invoke.DirectMethodHandle$Holder.newInvokeSpecial(java.lang.Object, java.lang.Object, java.lang.Object, java.lang.Object, java.lang.Object, java.lang.Object, java.lang.Object, java.lang.Object)'> (0x0000000085fb9680) 
thrown [s\src\hotspot\share\interpreter\linkResolver.cpp, line 759]
Event: 6.358 Thread 0x000002bd74df4910 Exception <a 'java/lang/NoSuchMethodError'{0x0000000085fbf088}: 'java.lang.Object java.lang.invoke.DirectMethodHandle$Holder.invokeSpecial(java.lang.Object, java.lang.Object, java.lang.Object, java.lang.Object, java.lang.Object, java.lang.Object, java.lang.Object, java.lang.Object, java.lang.Object)'> (0x0000000085fbf088) 
thrown [s\src\hotspot\share\interpreter\linkResolver.cpp, line 759]
Event: 6.358 Thread 0x000002bd74df4910 Exception <a 'java/lang/NoSuchMethodError'{0x0000000085fc4438}: 'java.lang.Object java.lang.invoke.Invokers$Holder.linkToTargetMethod(java.lang.Object, java.lang.Object, java.lang.Object, java.lang.Object, java.lang.Object, java.lang.Object, java.lang.Object, java.lang.Object)'> (0x0000000085fc4438) 
thrown [s\src\hotspot\share\interpreter\linkResolver.cpp, line 759]
Event: 6.366 Thread 0x000002bd74df4910 Exception <a 'java/lang/NoSuchMethodError'{0x0000000085e110d0}: 'void java.lang.invoke.DirectMethodHandle$Holder.invokeStatic(java.lang.Object, java.lang.Object, java.lang.Object, java.lang.Object)'> (0x0000000085e110d0) 
thrown [s\src\hotspot\share\interpreter\linkResolver.cpp, line 759]
Event: 6.586 Thread 0x000002bd74df4910 Exception <a 'java/lang/NoSuchMethodError'{0x0000000085028f48}: 'int java.lang.invoke.DirectMethodHandle$Holder.invokeVirtual(java.lang.Object, java.lang.Object)'> (0x0000000085028f48) 
thrown [s\src\hotspot\share\interpreter\linkResolver.cpp, line 759]
Event: 6.599 Thread 0x000002bd74df2fc0 Exception <a 'java/lang/NoSuchMethodError'{0x0000000087d08888}: static Lorg/gradle/internal/build/event/types/DefaultOperationFinishedProgressEvent;.<clinit>()V> (0x0000000087d08888) 
thrown [s\src\hotspot\share\prims\jni.cpp, line 1112]
Event: 6.601 Thread 0x000002bd74df2fc0 Exception <a 'java/lang/NoSuchMethodError'{0x0000000087d20820}: static Lorg/gradle/internal/build/event/types/DefaultSuccessResult;.<clinit>()V> (0x0000000087d20820) 
thrown [s\src\hotspot\share\prims\jni.cpp, line 1112]
Event: 6.601 Thread 0x000002bd74df2fc0 Exception <a 'java/lang/NoSuchMethodError'{0x0000000087d21510}: static Lorg/gradle/internal/build/event/types/AbstractOperationResult;.<clinit>()V> (0x0000000087d21510) 
thrown [s\src\hotspot\share\prims\jni.cpp, line 1112]
Event: 6.601 Thread 0x000002bd74df2fc0 Exception <a 'java/lang/NoSuchMethodError'{0x0000000087d224d0}: static Lorg/gradle/internal/build/event/types/AbstractResult;.<clinit>()V> (0x0000000087d224d0) 
thrown [s\src\hotspot\share\prims\jni.cpp, line 1112]
Event: 6.614 Thread 0x000002bd74df4910 Exception <a 'java/lang/NoSuchMethodError'{0x0000000084f2af98}: 'java.lang.Object java.lang.invoke.DirectMethodHandle$Holder.newInvokeSpecial(java.lang.Object, java.lang.Object, java.lang.Object, int)'> (0x0000000084f2af98) 
thrown [s\src\hotspot\share\interpreter\linkResolver.cpp, line 759]
Event: 6.615 Thread 0x000002bd74df4910 Exception <a 'java/lang/NoSuchMethodError'{0x0000000084f2f620}: 'java.lang.Object java.lang.invoke.DirectMethodHandle$Holder.invokeSpecial(java.lang.Object, java.lang.Object, java.lang.Object, java.lang.Object, int)'> (0x0000000084f2f620) 
thrown [s\src\hotspot\share\interpreter\linkResolver.cpp, line 759]
Event: 6.615 Thread 0x000002bd74df4910 Exception <a 'java/lang/NoSuchMethodError'{0x0000000084f33490}: 'java.lang.Object java.lang.invoke.Invokers$Holder.linkToTargetMethod(java.lang.Object, java.lang.Object, int, java.lang.Object)'> (0x0000000084f33490) 
thrown [s\src\hotspot\share\interpreter\linkResolver.cpp, line 759]
Event: 6.618 Thread 0x000002bd74df4910 Exception <a 'java/lang/NoSuchMethodError'{0x0000000084f4fdd0}: 'java.lang.Object java.lang.invoke.DirectMethodHandle$Holder.invokeStatic(java.lang.Object, java.lang.Object, int, java.lang.Object)'> (0x0000000084f4fdd0) 
thrown [s\src\hotspot\share\interpreter\linkResolver.cpp, line 759]
Event: 6.661 Thread 0x000002bd74df4910 Exception <a 'java/lang/NoSuchMethodError'{0x0000000084d0a7d8}: 'void java.lang.invoke.DirectMethodHandle$Holder.invokeStaticInit(java.lang.Object, java.lang.Object, java.lang.Object, java.lang.Object)'> (0x0000000084d0a7d8) 
thrown [s\src\hotspot\share\interpreter\linkResolver.cpp, line 759]
Event: 6.826 Thread 0x000002bd74df4910 Exception <a 'java/lang/NoSuchMethodError'{0x00000000848bded8}: 'void java.lang.invoke.DirectMethodHandle$Holder.invokeStatic(java.lang.Object, java.lang.Object, java.lang.Object, java.lang.Object, java.lang.Object, java.lang.Object, java.lang.Object)'> (0x00000000848bded8) 
thrown [s\src\hotspot\share\interpreter\linkResolver.cpp, line 759]
Event: 6.975 Thread 0x000002bd74df4910 Exception <a 'java/lang/NoSuchMethodError'{0x00000000841ae900}: 'java.lang.Object java.lang.invoke.DirectMethodHandle$Holder.newInvokeSpecial(java.lang.Object, java.lang.Object, int, int)'> (0x00000000841ae900) 
thrown [s\src\hotspot\share\interpreter\linkResolver.cpp, line 759]
Event: 7.092 Thread 0x000002bd74df4910 Exception <a 'java/lang/NoSuchMethodError'{0x0000000083a71ad8}: 'java.lang.Object java.lang.invoke.DirectMethodHandle$Holder.invokeSpecialIFC(java.lang.Object, java.lang.Object, java.lang.Object, java.lang.Object)'> (0x0000000083a71ad8) 
thrown [s\src\hotspot\share\interpreter\linkResolver.cpp, line 759]
Event: 7.099 Thread 0x000002bd74df4910 Exception <a 'java/lang/NoSuchMethodError'{0x0000000083ac1fc0}: 'java.lang.Object java.lang.invoke.DirectMethodHandle$Holder.newInvokeSpecial(java.lang.Object, java.lang.Object, java.lang.Object, java.lang.Object, java.lang.Object, java.lang.Object, java.lang.Object, java.lang.Object, java.lang.Object, java.lang.Object)'> (0x0000000083ac1fc0) 
thrown [s\src\hotspot\share\interpreter\linkResolver.cpp, line 759]
Event: 7.099 Thread 0x000002bd74df4910 Exception <a 'java/lang/NoSuchMethodError'{0x0000000083ac6ea8}: 'java.lang.Object java.lang.invoke.Invokers$Holder.linkToTargetMethod(java.lang.Object, java.lang.Object, java.lang.Object, java.lang.Object, java.lang.Object, java.lang.Object, java.lang.Object, java.lang.Object, java.lang.Object, java.lang.Object)'> (0x0000000083ac6ea8) 
thrown [s\src\hotspot\share\interpreter\linkResolver.cpp, line 759]
Event: 7.171 Thread 0x000002bd74df4910 Implicit null exception at 0x000002bd65c5468f to 0x000002bd65c54bfc

VM Operations (20 events):
Event: 5.116 Executing VM operation: HandshakeAllThreads done
Event: 5.117 Executing VM operation: HandshakeAllThreads
Event: 5.117 Executing VM operation: HandshakeAllThreads done
Event: 5.453 Executing VM operation: G1CollectForAllocation
Event: 5.460 Executing VM operation: G1CollectForAllocation done
Event: 6.371 Executing VM operation: HandshakeAllThreads
Event: 6.371 Executing VM operation: HandshakeAllThreads done
Event: 6.415 Executing VM operation: CollectForMetadataAllocation
Event: 6.422 Executing VM operation: CollectForMetadataAllocation done
Event: 6.431 Executing VM operation: G1PauseRemark
Event: 6.433 Executing VM operation: G1PauseRemark done
Event: 6.439 Executing VM operation: G1PauseCleanup
Event: 6.440 Executing VM operation: G1PauseCleanup done
Event: 6.762 Executing VM operation: HandshakeAllThreads
Event: 6.762 Executing VM operation: HandshakeAllThreads done
Event: 7.173 Executing VM operation: HandshakeAllThreads
Event: 7.173 Executing VM operation: HandshakeAllThreads done
Event: 8.181 Executing VM operation: Cleanup
Event: 8.213 Executing VM operation: Cleanup done
Event: 9.226 Executing VM operation: Cleanup

Memory protections (0 events):
No events

Nmethod flushes (0 events):
No events

Events (20 events):
Event: 3.888 Thread 0x000002bd7a6cb600 Thread added: 0x000002bd7a68f840
Event: 3.982 Thread 0x000002bd7a6cb600 Thread added: 0x000002bd74df4400
Event: 3.992 Thread 0x000002bd7a6cb600 Thread added: 0x000002bd74df4910
Event: 4.009 Thread 0x000002bd74df4910 Thread added: 0x000002bd74df1670
Event: 4.014 Thread 0x000002bd74df4910 Thread added: 0x000002bd74df2ab0
Event: 4.018 Thread 0x000002bd74df4910 Thread added: 0x000002bd74df2fc0
Event: 4.565 Thread 0x000002bd74df4910 Thread added: 0x000002bd74df25a0
Event: 4.576 Thread 0x000002bd74df4910 Thread added: 0x000002bd74df39e0
Event: 4.592 Thread 0x000002bd74ab0300 Thread added: 0x000002bd7a7b63c0
Event: 4.841 Thread 0x000002bd7a7b63c0 Thread exited: 0x000002bd7a7b63c0
Event: 4.885 Thread 0x000002bd74df4910 Thread added: 0x000002bd7abfb980
Event: 5.520 Thread 0x000002bd74ab0300 Thread added: 0x000002bd7abbddf0
Event: 6.257 Thread 0x000002bd74df4910 Thread added: 0x000002bd7abfa540
Event: 6.268 Thread 0x000002bd74df4910 Thread added: 0x000002bd7abfcdc0
Event: 6.575 Thread 0x000002bd74df4910 Thread added: 0x000002bd7abfd2d0
Event: 6.585 Thread 0x000002bd74df4910 Thread added: 0x000002bd7abfe200
Event: 7.083 Thread 0x000002bd74df4910 Thread added: 0x000002bd7abfaa50
Event: 7.121 Thread 0x000002bd74df4910 Thread added: 0x000002bd7abfd7e0
Event: 8.214 Thread 0x000002bd7abbddf0 Thread exited: 0x000002bd7abbddf0
Event: 8.271 Thread 0x000002bd74df4910 Thread added: 0x000002bd7abfe710


Dynamic libraries:
0x00007ff66f3a0000 - 0x00007ff66f3ae000 	C:\Program Files\Microsoft\jdk-17.0.13.11-hotspot\bin\java.exe
0x00007ff93f6e0000 - 0x00007ff93f943000 	C:\WINDOWS\SYSTEM32\ntdll.dll
0x00007ff93ef50000 - 0x00007ff93f018000 	C:\WINDOWS\System32\KERNEL32.DLL
0x00007ff93cf60000 - 0x00007ff93d312000 	C:\WINDOWS\System32\KERNELBASE.dll
0x00007ff93ce10000 - 0x00007ff93cf5b000 	C:\WINDOWS\System32\ucrtbase.dll
0x00007ff915740000 - 0x00007ff915757000 	C:\Program Files\Microsoft\jdk-17.0.13.11-hotspot\bin\jli.dll
0x00007ff93e2f0000 - 0x00007ff93e4b8000 	C:\WINDOWS\System32\USER32.dll
0x00007ff93d510000 - 0x00007ff93d537000 	C:\WINDOWS\System32\win32u.dll
0x00007ff939620000 - 0x00007ff93963d000 	C:\Program Files\Microsoft\jdk-17.0.13.11-hotspot\bin\VCRUNTIME140.dll
0x00007ff93f670000 - 0x00007ff93f69a000 	C:\WINDOWS\System32\GDI32.dll
0x00007ff93d3e0000 - 0x00007ff93d50b000 	C:\WINDOWS\System32\gdi32full.dll
0x00007ff924ff0000 - 0x00007ff925280000 	C:\WINDOWS\WinSxS\amd64_microsoft.windows.common-controls_6595b64144ccf1df_6.0.26100.2454_none_3e0b68a2e331ad60\COMCTL32.dll
0x00007ff93ebe0000 - 0x00007ff93ec89000 	C:\WINDOWS\System32\msvcrt.dll
0x00007ff93cd60000 - 0x00007ff93ce03000 	C:\WINDOWS\System32\msvcp_win.dll
0x00007ff93d9d0000 - 0x00007ff93d9ff000 	C:\WINDOWS\System32\IMM32.DLL
0x00007ff924b30000 - 0x00007ff924b3c000 	C:\Program Files\Microsoft\jdk-17.0.13.11-hotspot\bin\vcruntime140_1.dll
0x00007ff9152d0000 - 0x00007ff91535d000 	C:\Program Files\Microsoft\jdk-17.0.13.11-hotspot\bin\msvcp140.dll
0x00007ff8762a0000 - 0x00007ff876f11000 	C:\Program Files\Microsoft\jdk-17.0.13.11-hotspot\bin\server\jvm.dll
0x00007ff93e5f0000 - 0x00007ff93e6a4000 	C:\WINDOWS\System32\ADVAPI32.dll
0x00007ff93e1b0000 - 0x00007ff93e256000 	C:\WINDOWS\System32\sechost.dll
0x00007ff93f4d0000 - 0x00007ff93f5e6000 	C:\WINDOWS\System32\RPCRT4.dll
0x00007ff93da20000 - 0x00007ff93da94000 	C:\WINDOWS\System32\WS2_32.dll
0x00007ff936d40000 - 0x00007ff936d4b000 	C:\WINDOWS\SYSTEM32\VERSION.dll
0x00007ff92ae50000 - 0x00007ff92ae86000 	C:\WINDOWS\SYSTEM32\WINMM.dll
0x00007ff93b730000 - 0x00007ff93b77e000 	C:\WINDOWS\SYSTEM32\POWRPROF.dll
0x00007ff93b710000 - 0x00007ff93b724000 	C:\WINDOWS\SYSTEM32\UMPDC.dll
0x00007ff93b9d0000 - 0x00007ff93b9ea000 	C:\WINDOWS\SYSTEM32\kernel.appcore.dll
0x00007ff915730000 - 0x00007ff91573a000 	C:\Program Files\Microsoft\jdk-17.0.13.11-hotspot\bin\jimage.dll
0x00007ff93a300000 - 0x00007ff93a541000 	C:\WINDOWS\SYSTEM32\DBGHELP.DLL
0x00007ff93f020000 - 0x00007ff93f39e000 	C:\WINDOWS\System32\combase.dll
0x00007ff93eb00000 - 0x00007ff93ebd6000 	C:\WINDOWS\System32\OLEAUT32.dll
0x00007ff936d70000 - 0x00007ff936da9000 	C:\WINDOWS\SYSTEM32\dbgcore.DLL
0x00007ff93ccc0000 - 0x00007ff93cd59000 	C:\WINDOWS\System32\bcryptPrimitives.dll
0x00007ff915720000 - 0x00007ff91572e000 	C:\Program Files\Microsoft\jdk-17.0.13.11-hotspot\bin\instrument.dll
0x00007ff9154c0000 - 0x00007ff9154e5000 	C:\Program Files\Microsoft\jdk-17.0.13.11-hotspot\bin\java.dll
0x00007ff9151f0000 - 0x00007ff9152c7000 	C:\Program Files\Microsoft\jdk-17.0.13.11-hotspot\bin\jsvml.dll
0x00007ff93daa0000 - 0x00007ff93e1a1000 	C:\WINDOWS\System32\SHELL32.dll
0x00007ff93a7c0000 - 0x00007ff93aff1000 	C:\WINDOWS\SYSTEM32\windows.storage.dll
0x00007ff93ec90000 - 0x00007ff93ed6a000 	C:\WINDOWS\System32\SHCORE.dll
0x00007ff93f3b0000 - 0x00007ff93f40d000 	C:\WINDOWS\System32\shlwapi.dll
0x00007ff93c9c0000 - 0x00007ff93c9ee000 	C:\WINDOWS\SYSTEM32\profapi.dll
0x00007ff9154a0000 - 0x00007ff9154b8000 	C:\Program Files\Microsoft\jdk-17.0.13.11-hotspot\bin\zip.dll
0x00007ff9151a0000 - 0x00007ff9151ba000 	C:\Program Files\Microsoft\jdk-17.0.13.11-hotspot\bin\net.dll
0x00007ff936630000 - 0x00007ff936756000 	C:\WINDOWS\SYSTEM32\WINHTTP.dll
0x00007ff93bf00000 - 0x00007ff93bf68000 	C:\WINDOWS\system32\mswsock.dll
0x00007ff915180000 - 0x00007ff915196000 	C:\Program Files\Microsoft\jdk-17.0.13.11-hotspot\bin\nio.dll
0x00007ff9151e0000 - 0x00007ff9151f0000 	C:\Program Files\Microsoft\jdk-17.0.13.11-hotspot\bin\verify.dll
0x00007ff8feee0000 - 0x00007ff8fef07000 	C:\Users\swapn\.gradle\native\c067742578af261105cb4f569cf0c3c89f3d7b1fecec35dd04571415982c5e48\windows-amd64\native-platform.dll
0x00007ff915030000 - 0x00007ff915174000 	C:\Users\swapn\.gradle\native\100fb08df4bc3b14c8652ba06237920a3bd2aa13389f12d3474272988ae205f9\windows-amd64\native-platform-file-events.dll
0x00007ff915020000 - 0x00007ff91502a000 	C:\Program Files\Microsoft\jdk-17.0.13.11-hotspot\bin\management.dll
0x00007ff915010000 - 0x00007ff91501b000 	C:\Program Files\Microsoft\jdk-17.0.13.11-hotspot\bin\management_ext.dll
0x00007ff93da10000 - 0x00007ff93da18000 	C:\WINDOWS\System32\PSAPI.DLL
0x00007ff93c1b0000 - 0x00007ff93c1cc000 	C:\WINDOWS\SYSTEM32\CRYPTSP.dll
0x00007ff93b930000 - 0x00007ff93b968000 	C:\WINDOWS\system32\rsaenh.dll
0x00007ff93bfa0000 - 0x00007ff93bfcb000 	C:\WINDOWS\SYSTEM32\USERENV.dll
0x00007ff93c370000 - 0x00007ff93c396000 	C:\WINDOWS\SYSTEM32\bcrypt.dll
0x00007ff93c1a0000 - 0x00007ff93c1ac000 	C:\WINDOWS\SYSTEM32\CRYPTBASE.dll
0x00007ff93b360000 - 0x00007ff93b392000 	C:\WINDOWS\SYSTEM32\IPHLPAPI.DLL
0x00007ff93f490000 - 0x00007ff93f49a000 	C:\WINDOWS\System32\NSI.dll
0x00007ff936ea0000 - 0x00007ff936ebe000 	C:\WINDOWS\SYSTEM32\dhcpcsvc6.DLL
0x00007ff936270000 - 0x00007ff936295000 	C:\WINDOWS\SYSTEM32\dhcpcsvc.DLL
0x00007ff93b3f0000 - 0x00007ff93b515000 	C:\WINDOWS\SYSTEM32\DNSAPI.dll
0x00007ff915000000 - 0x00007ff915009000 	C:\Program Files\Microsoft\jdk-17.0.13.11-hotspot\bin\extnet.dll
0x00007ff914ff0000 - 0x00007ff914ffe000 	C:\Program Files\Microsoft\jdk-17.0.13.11-hotspot\bin\sunmscapi.dll
0x00007ff93cab0000 - 0x00007ff93cc26000 	C:\WINDOWS\System32\CRYPT32.dll
0x00007ff93c330000 - 0x00007ff93c360000 	C:\WINDOWS\SYSTEM32\ncrypt.dll
0x00007ff93c2e0000 - 0x00007ff93c31f000 	C:\WINDOWS\SYSTEM32\NTASN1.dll
0x00007ff8b02e0000 - 0x00007ff8b02e8000 	C:\WINDOWS\system32\wshunix.dll

dbghelp: loaded successfully - version: 4.0.5 - missing functions: none
symbol engine: initialized successfully - sym options: 0x614 - pdb path: .;C:\Program Files\Microsoft\jdk-17.0.13.11-hotspot\bin;C:\WINDOWS\SYSTEM32;C:\WINDOWS\WinSxS\amd64_microsoft.windows.common-controls_6595b64144ccf1df_6.0.26100.2454_none_3e0b68a2e331ad60;C:\Program Files\Microsoft\jdk-17.0.13.11-hotspot\bin\server;C:\Users\swapn\.gradle\native\c067742578af261105cb4f569cf0c3c89f3d7b1fecec35dd04571415982c5e48\windows-amd64;C:\Users\swapn\.gradle\native\100fb08df4bc3b14c8652ba06237920a3bd2aa13389f12d3474272988ae205f9\windows-amd64

VM Arguments:
jvm_args: -XX:MaxMetaspaceSize=512m --add-opens=java.base/java.util=ALL-UNNAMED --add-opens=java.base/java.lang=ALL-UNNAMED --add-opens=java.base/java.lang.invoke=ALL-UNNAMED --add-opens=java.prefs/java.util.prefs=ALL-UNNAMED --add-exports=jdk.compiler/com.sun.tools.javac.api=ALL-UNNAMED --add-exports=jdk.compiler/com.sun.tools.javac.util=ALL-UNNAMED --add-opens=java.base/java.nio.charset=ALL-UNNAMED --add-opens=java.base/java.net=ALL-UNNAMED --add-opens=java.base/java.util.concurrent.atomic=ALL-UNNAMED -Xmx2048m -Dfile.encoding=utf8 -Duser.country=IN -Duser.language=en -Duser.variant -javaagent:C:\Users\swapn\.gradle\wrapper\dists\gradle-8.10.2-all\7iv73wktx1xtkvlq19urqw1wm\gradle-8.10.2\lib\agents\gradle-instrumentation-agent-8.10.2.jar 
java_command: org.gradle.launcher.daemon.bootstrap.GradleDaemon 8.10.2
java_class_path (initial): C:\Users\swapn\.gradle\wrapper\dists\gradle-8.10.2-all\7iv73wktx1xtkvlq19urqw1wm\gradle-8.10.2\lib\gradle-daemon-main-8.10.2.jar
Launcher Type: SUN_STANDARD

[Global flags]
     intx CICompilerCount                          = 4                                         {product} {ergonomic}
   size_t CompressedClassSpaceSize                 = 436207616                                 {product} {ergonomic}
     uint ConcGCThreads                            = 2                                         {product} {ergonomic}
     uint G1ConcRefinementThreads                  = 8                                         {product} {ergonomic}
   size_t G1HeapRegionSize                         = 1048576                                   {product} {ergonomic}
    uintx GCDrainStackTargetSize                   = 64                                        {product} {ergonomic}
   size_t InitialHeapSize                          = 132120576                                 {product} {ergonomic}
   size_t MarkStackSize                            = 4194304                                   {product} {ergonomic}
   size_t MaxHeapSize                              = 2147483648                                {product} {command line}
   size_t MaxMetaspaceSize                         = 536870912                                 {product} {command line}
   size_t MaxNewSize                               = 1287651328                                {product} {ergonomic}
   size_t MinHeapDeltaBytes                        = 1048576                                   {product} {ergonomic}
   size_t MinHeapSize                              = 8388608                                   {product} {ergonomic}
    uintx NonNMethodCodeHeapSize                   = 5839372                                {pd product} {ergonomic}
    uintx NonProfiledCodeHeapSize                  = 122909434                              {pd product} {ergonomic}
    uintx ProfiledCodeHeapSize                     = 122909434                              {pd product} {ergonomic}
    uintx ReservedCodeCacheSize                    = 251658240                              {pd product} {ergonomic}
     bool SegmentedCodeCache                       = true                                      {product} {ergonomic}
   size_t SoftMaxHeapSize                          = 2147483648                             {manageable} {ergonomic}
     bool UseCompressedClassPointers               = true                           {product lp64_product} {ergonomic}
     bool UseCompressedOops                        = true                           {product lp64_product} {ergonomic}
     bool UseG1GC                                  = true                                      {product} {ergonomic}
     bool UseLargePagesIndividualAllocation        = false                                  {pd product} {ergonomic}

Logging:
Log output configuration:
 #0: stdout all=warning uptime,level,tags
 #1: stderr all=off uptime,level,tags

Environment Variables:
JAVA_HOME=C:\Program Files\Microsoft\jdk-17.0.13.11-hotspot\
PATH=C:\Program Files\Microsoft\jdk-17.0.13.11-hotspot\bin;C:\WINDOWS\system32;C:\WINDOWS;C:\WINDOWS\System32\Wbem;C:\WINDOWS\System32\WindowsPowerShell\v1.0\;C:\WINDOWS\System32\OpenSSH\;C:\Users\swapn\AppData\Roaming\nvm;C:\Program Files\nodejs;C:\ProgramData\chocolatey\bin;C:\Program Files\nodejs\;C:\Users\swapn\AppData\Local\Android\Sdk;C:\Users\swapn\AppData\Local\Android\Sdk\build-tools;C:\Users\swapn\AppData\Local\Android\Sdk\emulator;C:\Users\swapn\AppData\Local\Android\Sdk\platform-tools;C:\Users\swapn\AppData\Local\Android\Sdk\cmdline-tools\latest\bin;C:\Users\swapn\AppData\Local\Android\Sdk\cmake;C:\Users\swapn\AppData\Local\Android\Sdk\cmake\3.22.1\bin;C:\Users\swapn\AppData\Local\Android\Sdk\tools;C:\Users\swapn\AppData\Local\Microsoft\WindowsApps;C:\Users\swapn\AppData\Roaming\nvm;C:\Program Files\nodejs;C:\Users\swapn\AppData\Local\Programs\Microsoft VS Code\bin;C:\Users\swapn\AppData\Roaming\npm;C:\Users\swapn\AppData\Local\Android\Sdk;C:\Users\swapn\AppData\Local\Android\Sdk\platform-tools;C:\Users\swapn\AppData\Local\Android\Sdk\emulator;C:\Users\swapn\AppData\Local\Android\Sdk\build-tools;C:\Users\swapn\AppData\Local\Android\Sdk\cmdline-tools\latest\bin;C:\Users\swapn\AppData\Local\Android\Sdk\cmake;C:\Users\swapn\AppData\Local\Android\Sdk\cmake\3.22.1\bin;
USERNAME=swapn
OS=Windows_NT
PROCESSOR_IDENTIFIER=Intel64 Family 6 Model 165 Stepping 2, GenuineIntel
TMP=C:\Users\swapn\AppData\Local\Temp
TEMP=C:\Users\swapn\AppData\Local\Temp



Periodic native trim disabled


---------------  S Y S T E M  ---------------

OS:
 Windows 11 , 64 bit Build 26100 (10.0.26100.2454)
OS uptime: 0 days 2:11 hours
Hyper-V role detected

CPU: total 8 (initial active 8) (4 cores per cpu, 2 threads per core) family 6 model 165 stepping 2 microcode 0xe0, cx8, cmov, fxsr, ht, mmx, 3dnowpref, sse, sse2, sse3, ssse3, sse4.1, sse4.2, popcnt, lzcnt, tsc, tscinvbit, avx, avx2, aes, erms, clmul, bmi1, bmi2, adx, fma, vzeroupper, clflush, clflushopt, hv
Processor Information for the first 8 processors :
  Max Mhz: 2496, Current Mhz: 2496, Mhz Limit: 2496

Memory: 4k page, system-wide physical 8029M (500M free)
TotalPageFile size 32605M (AvailPageFile size 1M)
current process WorkingSet (physical memory assigned to process): 207M, peak: 228M
current process commit charge ("private bytes"): 266M, peak: 298M

vm_info: OpenJDK 64-Bit Server VM (17.0.13+11-LTS) for windows-amd64 JRE (17.0.13+11-LTS), built on Oct 11 2024 23:25:05 by "MicrosoftCorporation" with unknown MS VC++:1939

END.
